Line 111: Class SHDocVwCtl.WebBrowser of control WebBrowser2 was not a loaded control class.
Line 654: Class SHDocVwCtl.WebBrowser of control WebBrowser1 was not a loaded control class.
Line 117: The property name ExtentX in WebBrowser2 is invalid.
Line 118: The property name ExtentY in WebBrowser2 is invalid.
Line 119: The property name ViewMode in WebBrowser2 is invalid.
Line 120: The property name Offline in WebBrowser2 is invalid.
Line 121: The property name Silent in WebBrowser2 is invalid.
Line 122: The property name RegisterAsBrowser in WebBrowser2 is invalid.
Line 123: The property name RegisterAsDropTarget in WebBrowser2 is invalid.
Line 124: The property name AutoArrange in WebBrowser2 is invalid.
Line 125: The property name NoClientEdge in WebBrowser2 is invalid.
Line 126: The property name AlignLeft in WebBrowser2 is invalid.
Line 127: The property name NoWebView in WebBrowser2 is invalid.
Line 128: The property name HideFileNames in WebBrowser2 is invalid.
Line 129: The property name SingleClick in WebBrowser2 is invalid.
Line 130: The property name SingleSelection in WebBrowser2 is invalid.
Line 131: The property name NoFolders in WebBrowser2 is invalid.
Line 132: The property name Transparent in WebBrowser2 is invalid.
Line 133: The property name ViewID in WebBrowser2 is invalid.
Line 134: The property name Location in WebBrowser2 is invalid.
Line 660: The property name ExtentX in WebBrowser1 is invalid.
Line 661: The property name ExtentY in WebBrowser1 is invalid.
Line 662: The property name ViewMode in WebBrowser1 is invalid.
Line 663: The property name Offline in WebBrowser1 is invalid.
Line 664: The property name Silent in WebBrowser1 is invalid.
Line 665: The property name RegisterAsBrowser in WebBrowser1 is invalid.
Line 666: The property name RegisterAsDropTarget in WebBrowser1 is invalid.
Line 667: The property name AutoArrange in WebBrowser1 is invalid.
Line 668: The property name NoClientEdge in WebBrowser1 is invalid.
Line 669: The property name AlignLeft in WebBrowser1 is invalid.
Line 670: The property name NoWebView in WebBrowser1 is invalid.
Line 671: The property name HideFileNames in WebBrowser1 is invalid.
Line 672: The property name SingleClick in WebBrowser1 is invalid.
Line 673: The property name SingleSelection in WebBrowser1 is invalid.
Line 674: The property name NoFolders in WebBrowser1 is invalid.
Line 675: The property name Transparent in WebBrowser1 is invalid.
Line 676: The property name ViewID in WebBrowser1 is invalid.
Line 677: The property name Location in WebBrowser1 is invalid.
Line 117: The property name ExtentX in WebBrowser2 is invalid.
Line 118: The property name ExtentY in WebBrowser2 is invalid.
Line 119: The property name ViewMode in WebBrowser2 is invalid.
Line 120: The property name Offline in WebBrowser2 is invalid.
Line 121: The property name Silent in WebBrowser2 is invalid.
Line 122: The property name RegisterAsBrowser in WebBrowser2 is invalid.
Line 123: The property name RegisterAsDropTarget in WebBrowser2 is invalid.
Line 124: The property name AutoArrange in WebBrowser2 is invalid.
Line 125: The property name NoClientEdge in WebBrowser2 is invalid.
Line 126: The property name AlignLeft in WebBrowser2 is invalid.
Line 127: The property name NoWebView in WebBrowser2 is invalid.
Line 128: The property name HideFileNames in WebBrowser2 is invalid.
Line 129: The property name SingleClick in WebBrowser2 is invalid.
Line 130: The property name SingleSelection in WebBrowser2 is invalid.
Line 131: The property name NoFolders in WebBrowser2 is invalid.
Line 132: The property name Transparent in WebBrowser2 is invalid.
Line 133: The property name ViewID in WebBrowser2 is invalid.
Line 134: The property name Location in WebBrowser2 is invalid.
Line 660: The property name ExtentX in WebBrowser1 is invalid.
Line 661: The property name ExtentY in WebBrowser1 is invalid.
Line 662: The property name ViewMode in WebBrowser1 is invalid.
Line 663: The property name Offline in WebBrowser1 is invalid.
Line 664: The property name Silent in WebBrowser1 is invalid.
Line 665: The property name RegisterAsBrowser in WebBrowser1 is invalid.
Line 666: The property name RegisterAsDropTarget in WebBrowser1 is invalid.
Line 667: The property name AutoArrange in WebBrowser1 is invalid.
Line 668: The property name NoClientEdge in WebBrowser1 is invalid.
Line 669: The property name AlignLeft in WebBrowser1 is invalid.
Line 670: The property name NoWebView in WebBrowser1 is invalid.
Line 671: The property name HideFileNames in WebBrowser1 is invalid.
Line 672: The property name SingleClick in WebBrowser1 is invalid.
Line 673: The property name SingleSelection in WebBrowser1 is invalid.
Line 674: The property name NoFolders in WebBrowser1 is invalid.
Line 675: The property name Transparent in WebBrowser1 is invalid.
Line 676: The property name ViewID in WebBrowser1 is invalid.
Line 677: The property name Location in WebBrowser1 is invalid.
